Base path: 'C:/Program Files/Unity/Hub/Editor/2019.2.0f1/Editor/Data', plugins path 'C:/Program Files/Unity/Hub/Editor/2019.2.0f1/Editor/Data/PlaybackEngines'
Cmd: initializeCompiler
Cmd: compileComputeKernel
  error: 1 plat 4 at FluidSim.compute(137): 'n': loop control variable conflicts with a previous declaration in the outer scope; most recent declaration will be used
  api=4 insize=5090 outsize=443 ok=1
Cmd: compileComputeKernel
  error: 1 plat 4 at FluidSim.compute(138): 'n': loop control variable conflicts with a previous declaration in the outer scope; most recent declaration will be used
  api=4 insize=5161 outsize=2759 ok=1
Cmd: compileComputeKernel
  error: 1 plat 4 at FluidSim.compute(86): 'n': loop control variable conflicts with a previous declaration in the outer scope; most recent declaration will be used
  api=4 insize=5445 outsize=3960 ok=1
Cmd: compileComputeKernel
  error: 1 plat 4 at FluidSim.compute(86): 'n': loop control variable conflicts with a previous declaration in the outer scope; most recent declaration will be used
  api=4 insize=5529 outsize=3575 ok=1
Cmd: compileComputeKernel
  error: 2 plat 4 at FluidSim.compute(74): 'clamp': no matching 0 parameter intrinsic function; Possible intrinsic functions are: clamp(float|half|double|min10float|min16float|int|uint|min12int|min16int|min16uint, float|half|double|min10float|min16float|int|uint|min12int|min16int|min16uint, float|half|double|min10float|min16float|int|uint|min12int|min16int|min16uint)
  error: 2 plat 4 at FluidSim.compute(74): syntax error: unexpected token ';'
  api=4 insize=5483 outsize=0 ok=0
Cmd: compileComputeKernel
  error: 1 plat 4 at FluidSim.compute(86): 'n': loop control variable conflicts with a previous declaration in the outer scope; most recent declaration will be used
  api=4 insize=5485 outsize=471 ok=1
Cmd: compileComputeKernel
  error: 1 plat 4 at FluidSim.compute(86): 'n': loop control variable conflicts with a previous declaration in the outer scope; most recent declaration will be used
  api=4 insize=5559 outsize=471 ok=1
Cmd: compileComputeKernel
  error: 1 plat 4 at FluidSim.compute(86): 'n': loop control variable conflicts with a previous declaration in the outer scope; most recent declaration will be used
  api=4 insize=5399 outsize=471 ok=1
Cmd: compileComputeKernel
  error: 1 plat 4 at FluidSim.compute(86): 'n': loop control variable conflicts with a previous declaration in the outer scope; most recent declaration will be used
  api=4 insize=5399 outsize=3575 ok=1
Cmd: compileComputeKernel
  error: 1 plat 4 at FluidSim.compute(86): 'n': loop control variable conflicts with a previous declaration in the outer scope; most recent declaration will be used
  api=4 insize=5415 outsize=3695 ok=1
Cmd: compileComputeKernel
  error: 1 plat 4 at FluidSim.compute(88): 'n': loop control variable conflicts with a previous declaration in the outer scope; most recent declaration will be used
  api=4 insize=5478 outsize=4156 ok=1
Cmd: compileComputeKernel
  error: 2 plat 4 at FluidSim.compute(15): syntax error: unexpected token 'Diff'
  api=4 insize=5040 outsize=0 ok=0
Cmd: compileComputeKernel
  error: 1 plat 4 at FluidSim.compute(92): 'n': loop control variable conflicts with a previous declaration in the outer scope; most recent declaration will be used
  api=4 insize=5538 outsize=4637 ok=1
Cmd: compileComputeKernel
  error: 1 plat 4 at FluidSim.compute(92): 'n': loop control variable conflicts with a previous declaration in the outer scope; most recent declaration will be used
  api=4 insize=5558 outsize=471 ok=1
Cmd: compileComputeKernel
  error: 1 plat 4 at FluidSim.compute(108): 'n': loop control variable conflicts with a previous declaration in the outer scope; most recent declaration will be used
  api=4 insize=5704 outsize=3695 ok=1
Cmd: compileComputeKernel
  error: 1 plat 4 at FluidSim.compute(92): 'n': loop control variable conflicts with a previous declaration in the outer scope; most recent declaration will be used
  api=4 insize=5797 outsize=4086 ok=1
Cmd: compileComputeKernel
  error: 1 plat 4 at FluidSim.compute(92): 'n': loop control variable conflicts with a previous declaration in the outer scope; most recent declaration will be used
  api=4 insize=5779 outsize=643 ok=1
Cmd: compileComputeKernel
  error: 2 plat 4 at FluidSim.compute(57): undeclared identifier 'nHeight'
  api=4 insize=5821 outsize=0 ok=0
Cmd: compileComputeKernel
  error: 1 plat 4 at FluidSim.compute(87): 'n': loop control variable conflicts with a previous declaration in the outer scope; most recent declaration will be used
  api=4 insize=5864 outsize=3695 ok=1
Cmd: compileComputeKernel
  error: 1 plat 4 at FluidSim.compute(87): 'n': loop control variable conflicts with a previous declaration in the outer scope; most recent declaration will be used
  api=4 insize=5882 outsize=3695 ok=1
Cmd: compileComputeKernel
  error: 1 plat 4 at FluidSim.compute(87): 'n': loop control variable conflicts with a previous declaration in the outer scope; most recent declaration will be used
  api=4 insize=5882 outsize=3695 ok=1
Cmd: compileComputeKernel
  error: 1 plat 4 at FluidSim.compute(88): 'n': loop control variable conflicts with a previous declaration in the outer scope; most recent declaration will be used
  error: 2 plat 4 at FluidSim.compute(219): 'GetDimensions': no matching 0 parameter intrinsic method; Possible intrinsic methods are: RWStructuredBuffer<float>.GetDimensions(out uint count, out uint stride)
  error: 2 plat 4 at FluidSim.compute(219): syntax error: unexpected token 'out'
  api=4 insize=6396 outsize=0 ok=0
Cmd: compileComputeKernel
  error: 1 plat 4 at FluidSim.compute(88): 'n': loop control variable conflicts with a previous declaration in the outer scope; most recent declaration will be used
  api=4 insize=6453 outsize=783 ok=1
Cmd: compileComputeKernel
  error: 1 plat 4 at FluidSim.compute(91): 'n': loop control variable conflicts with a previous declaration in the outer scope; most recent declaration will be used
  api=4 insize=6497 outsize=3695 ok=1
Cmd: compileComputeKernel
  error: 1 plat 4 at FluidSim.compute(89): 'n': loop control variable conflicts with a previous declaration in the outer scope; most recent declaration will be used
  api=4 insize=6561 outsize=4096 ok=1
