Base path: 'C:/Program Files/Unity/Hub/Editor/2019.2.0f1/Editor/Data', plugins path 'C:/Program Files/Unity/Hub/Editor/2019.2.0f1/Editor/Data/PlaybackEngines'
Cmd: initializeCompiler
Cmd: preprocessCompute
  insize=5087 outsize=5090 ok=1
Cmd: compileSnippet
  error: 1 plat 4 at (113): 'n': loop control variable conflicts with a previous declaration in the outer scope; most recent declaration will be used\nCompiling Vertex program with UNITY_PASS_FORWARDBASE DIRECTIONAL LIGHTPROBE_SH
Platform defines: UNITY_ENABLE_REFLECTION_BUFFERS UNITY_USE_DITHER_MASK_FOR_ALPHABLENDED_SHADOWS UNITY_PBS_USE_BRDF1 UNITY_SPECCUBE_BOX_PROJECTION UNITY_SPECCUBE_BLENDING UNITY_ENABLE_DETAIL_NORMALMAP SHADER_API_DESKTOP UNITY_COLORSPACE_GAMMA UNITY_LIGHT_PROBE_PROXY_VOLUME UNITY_LIGHTMAP_FULL_HDR
  api=4 type=0 insize=30710 outsize=5830 kw=UNITY_PASS_FORWARDBASE DIRECTIONAL LIGHTPROBE_SH pd=UNITY_ENABLE_REFLECTION_BUFFERS UNITY_USE_DITHER_MASK_FOR_ALPHABLENDED_SHADOWS UNITY_PBS_USE_BRDF1 UNITY_SPECCUBE_BOX_PROJECTION UNITY_SPECCUBE_BLENDING UNITY_ENABLE_DETAIL_NORMALMAP SHADER_API_DESKTOP UNITY_COLORSPACE_GAMMA UNITY_LIGHT_PROBE_PROXY_VOLUME UNITY_LIGHTMAP_FULL_HDR ok=1
Cmd: compileSnippet
  error: 1 plat 4 at (113): 'n': loop control variable conflicts with a previous declaration in the outer scope; most recent declaration will be used\nCompiling Fragment program with UNITY_PASS_FORWARDBASE DIRECTIONAL LIGHTPROBE_SH
Platform defines: UNITY_ENABLE_REFLECTION_BUFFERS UNITY_USE_DITHER_MASK_FOR_ALPHABLENDED_SHADOWS UNITY_PBS_USE_BRDF1 UNITY_SPECCUBE_BOX_PROJECTION UNITY_SPECCUBE_BLENDING UNITY_ENABLE_DETAIL_NORMALMAP SHADER_API_DESKTOP UNITY_COLORSPACE_GAMMA UNITY_LIGHT_PROBE_PROXY_VOLUME UNITY_LIGHTMAP_FULL_HDR
  api=4 type=1 insize=30710 outsize=6438 kw=UNITY_PASS_FORWARDBASE DIRECTIONAL LIGHTPROBE_SH pd=UNITY_ENABLE_REFLECTION_BUFFERS UNITY_USE_DITHER_MASK_FOR_ALPHABLENDED_SHADOWS UNITY_PBS_USE_BRDF1 UNITY_SPECCUBE_BOX_PROJECTION UNITY_SPECCUBE_BLENDING UNITY_ENABLE_DETAIL_NORMALMAP SHADER_API_DESKTOP UNITY_COLORSPACE_GAMMA UNITY_LIGHT_PROBE_PROXY_VOLUME UNITY_LIGHTMAP_FULL_HDR ok=1
Cmd: compileSnippet
  error: 1 plat 4 at (113): 'n': loop control variable conflicts with a previous declaration in the outer scope; most recent declaration will be used\nCompiling Vertex program with UNITY_PASS_FORWARDADD DIRECTIONAL
Platform defines: UNITY_ENABLE_REFLECTION_BUFFERS UNITY_USE_DITHER_MASK_FOR_ALPHABLENDED_SHADOWS UNITY_PBS_USE_BRDF1 UNITY_SPECCUBE_BOX_PROJECTION UNITY_SPECCUBE_BLENDING UNITY_ENABLE_DETAIL_NORMALMAP SHADER_API_DESKTOP UNITY_COLORSPACE_GAMMA UNITY_LIGHT_PROBE_PROXY_VOLUME UNITY_LIGHTMAP_FULL_HDR
  api=4 type=0 insize=10920 outsize=5458 kw=UNITY_PASS_FORWARDADD DIRECTIONAL pd=UNITY_ENABLE_REFLECTION_BUFFERS UNITY_USE_DITHER_MASK_FOR_ALPHABLENDED_SHADOWS UNITY_PBS_USE_BRDF1 UNITY_SPECCUBE_BOX_PROJECTION UNITY_SPECCUBE_BLENDING UNITY_ENABLE_DETAIL_NORMALMAP SHADER_API_DESKTOP UNITY_COLORSPACE_GAMMA UNITY_LIGHT_PROBE_PROXY_VOLUME UNITY_LIGHTMAP_FULL_HDR ok=1
Cmd: compileSnippet
  error: 1 plat 4 at (113): 'n': loop control variable conflicts with a previous declaration in the outer scope; most recent declaration will be used\nCompiling Fragment program with UNITY_PASS_FORWARDADD DIRECTIONAL
Platform defines: UNITY_ENABLE_REFLECTION_BUFFERS UNITY_USE_DITHER_MASK_FOR_ALPHABLENDED_SHADOWS UNITY_PBS_USE_BRDF1 UNITY_SPECCUBE_BOX_PROJECTION UNITY_SPECCUBE_BLENDING UNITY_ENABLE_DETAIL_NORMALMAP SHADER_API_DESKTOP UNITY_COLORSPACE_GAMMA UNITY_LIGHT_PROBE_PROXY_VOLUME UNITY_LIGHTMAP_FULL_HDR
  api=4 type=1 insize=10920 outsize=3258 kw=UNITY_PASS_FORWARDADD DIRECTIONAL pd=UNITY_ENABLE_REFLECTION_BUFFERS UNITY_USE_DITHER_MASK_FOR_ALPHABLENDED_SHADOWS UNITY_PBS_USE_BRDF1 UNITY_SPECCUBE_BOX_PROJECTION UNITY_SPECCUBE_BLENDING UNITY_ENABLE_DETAIL_NORMALMAP SHADER_API_DESKTOP UNITY_COLORSPACE_GAMMA UNITY_LIGHT_PROBE_PROXY_VOLUME UNITY_LIGHTMAP_FULL_HDR ok=1
Cmd: preprocessCompute
  insize=5158 outsize=5161 ok=1
Cmd: preprocessCompute
  insize=5158 outsize=5161 ok=1
Cmd: preprocessCompute
  insize=5158 outsize=5161 ok=1
Cmd: preprocessCompute
  insize=5136 outsize=5139 ok=1
Cmd: preprocessCompute
  insize=5137 outsize=5140 ok=1
Cmd: preprocessCompute
  insize=5196 outsize=5199 ok=1
Cmd: preprocessCompute
  insize=5196 outsize=5199 ok=1
Cmd: preprocessCompute
  insize=5202 outsize=5205 ok=1
Cmd: preprocessCompute
  insize=5196 outsize=5199 ok=1
Cmd: preprocessCompute
  insize=5196 outsize=5199 ok=1
Cmd: preprocessCompute
  insize=5196 outsize=5199 ok=1
Cmd: preprocessCompute
  insize=5192 outsize=5195 ok=1
Cmd: preprocessCompute
  insize=5201 outsize=5204 ok=1
Cmd: preprocessCompute
  insize=5201 outsize=5204 ok=1
Cmd: preprocessCompute
  insize=5209 outsize=5212 ok=1
Cmd: preprocessCompute
  insize=5237 outsize=5240 ok=1
Cmd: preprocessCompute
  insize=5401 outsize=5404 ok=1
Cmd: preprocessCompute
  insize=5413 outsize=5416 ok=1
Cmd: preprocessCompute
  insize=5403 outsize=5406 ok=1
Cmd: preprocessCompute
  insize=5413 outsize=5416 ok=1
Cmd: preprocessCompute
  insize=5468 outsize=5471 ok=1
Cmd: preprocessCompute
  insize=5442 outsize=5445 ok=1
Cmd: preprocessCompute
  insize=5462 outsize=5465 ok=1
Cmd: preprocessCompute
  insize=5516 outsize=5519 ok=1
Cmd: preprocessCompute
  insize=5516 outsize=5519 ok=1
Cmd: preprocessCompute
  insize=5537 outsize=5540 ok=1
Cmd: preprocessCompute
  insize=5542 outsize=5545 ok=1
Cmd: preprocessCompute
  insize=5490 outsize=5493 ok=1
Cmd: preprocessCompute
  insize=5539 outsize=5542 ok=1
Cmd: preprocessCompute
  insize=5541 outsize=5544 ok=1
Cmd: preprocessCompute
  insize=5462 outsize=5465 ok=1
Cmd: preprocessCompute
  insize=5521 outsize=5524 ok=1
Cmd: preprocessCompute
  insize=5511 outsize=5514 ok=1
Cmd: preprocessCompute
  insize=5510 outsize=5513 ok=1
Cmd: preprocessCompute
  insize=5526 outsize=5529 ok=1
Cmd: preprocessCompute
  insize=5518 outsize=5521 ok=1
Cmd: preprocessCompute
  insize=5480 outsize=5483 ok=1
Cmd: preprocessCompute
  insize=5481 outsize=5484 ok=1
Cmd: preprocessCompute
  insize=5482 outsize=5485 ok=1
Cmd: preprocessCompute
  insize=5489 outsize=5492 ok=1
Cmd: preprocessCompute
  insize=5556 outsize=5559 ok=1
Cmd: preprocessCompute
  insize=5560 outsize=5563 ok=1
Cmd: preprocessCompute
  insize=5562 outsize=5565 ok=1
Cmd: preprocessCompute
  insize=5553 outsize=5556 ok=1
Cmd: preprocessCompute
  insize=5454 outsize=5457 ok=1
Cmd: preprocessCompute
  insize=5472 outsize=5475 ok=1
Cmd: preprocessCompute
  insize=5396 outsize=5399 ok=1
Cmd: preprocessCompute
  insize=5394 outsize=5397 ok=1
Cmd: preprocessCompute
  insize=5404 outsize=5407 ok=1
Cmd: preprocessCompute
  insize=5417 outsize=5420 ok=1
Cmd: preprocessCompute
  insize=5394 outsize=5397 ok=1
Cmd: preprocessCompute
  insize=5394 outsize=5397 ok=1
Cmd: preprocessCompute
  insize=5394 outsize=5397 ok=1
Cmd: preprocessCompute
  insize=5396 outsize=5399 ok=1
Cmd: preprocessCompute
  insize=5396 outsize=5399 ok=1
Cmd: preprocessCompute
  insize=5396 outsize=5399 ok=1
Cmd: preprocessCompute
  insize=5396 outsize=5399 ok=1
Cmd: preprocessCompute
  insize=5413 outsize=5416 ok=1
Cmd: preprocessCompute
  insize=5412 outsize=5415 ok=1
Cmd: preprocessCompute
  insize=5474 outsize=5477 ok=1
Cmd: preprocessCompute
  insize=5475 outsize=5478 ok=1
Cmd: preprocessCompute
  insize=5510 outsize=5513 ok=1
Cmd: preprocessCompute
  insize=4932 outsize=4935 ok=1
Cmd: preprocessCompute
  insize=4926 outsize=4929 ok=1
Cmd: preprocessCompute
  insize=4925 outsize=4928 ok=1
Cmd: preprocessCompute
  insize=5036 outsize=5039 ok=1
Cmd: preprocessCompute
  insize=5038 outsize=5041 ok=1
Cmd: preprocessCompute
  insize=5004 outsize=5007 ok=1
Cmd: preprocessCompute
  insize=5037 outsize=5040 ok=1
Cmd: preprocessCompute
  insize=5037 outsize=5040 ok=1
Cmd: preprocessCompute
  insize=5053 outsize=5056 ok=1
Cmd: preprocessCompute
  insize=5136 outsize=5139 ok=1
Cmd: preprocessCompute
  insize=5405 outsize=5408 ok=1
Cmd: preprocessCompute
  insize=5485 outsize=5488 ok=1
Cmd: preprocessCompute
  insize=5493 outsize=5496 ok=1
Cmd: preprocessCompute
  insize=5502 outsize=5505 ok=1
Cmd: preprocessCompute
  insize=5494 outsize=5497 ok=1
Cmd: preprocessCompute
  insize=5531 outsize=5534 ok=1
Cmd: preprocessCompute
  insize=5535 outsize=5538 ok=1
Cmd: preprocessCompute
  insize=5535 outsize=5538 ok=1
Cmd: preprocessCompute
  insize=5535 outsize=5538 ok=1
Cmd: preprocessCompute
  insize=5527 outsize=5530 ok=1
Cmd: preprocessCompute
  insize=5536 outsize=5539 ok=1
Cmd: preprocessCompute
  insize=5535 outsize=5538 ok=1
Cmd: preprocessCompute
  insize=5536 outsize=5539 ok=1
Cmd: preprocessCompute
  insize=5538 outsize=5541 ok=1
Cmd: preprocessCompute
  insize=5537 outsize=5540 ok=1
Cmd: preprocessCompute
  insize=5542 outsize=5545 ok=1
Cmd: preprocessCompute
  insize=5554 outsize=5557 ok=1
Cmd: preprocessCompute
  insize=5555 outsize=5558 ok=1
Cmd: preprocessCompute
  insize=5554 outsize=5557 ok=1
Cmd: preprocessCompute
  insize=5555 outsize=5558 ok=1
Cmd: preprocessCompute
  insize=5543 outsize=5546 ok=1
Cmd: preprocessCompute
  insize=5539 outsize=5542 ok=1
Cmd: preprocessCompute
  insize=5539 outsize=5542 ok=1
Cmd: preprocessCompute
  insize=5543 outsize=5546 ok=1
Cmd: preprocessCompute
  insize=5569 outsize=5572 ok=1
Cmd: preprocessCompute
  insize=5572 outsize=5575 ok=1
Cmd: preprocessCompute
  insize=5584 outsize=5587 ok=1
Cmd: preprocessCompute
  insize=5612 outsize=5615 ok=1
Cmd: preprocessCompute
  insize=5629 outsize=5632 ok=1
Cmd: preprocessCompute
  insize=5701 outsize=5704 ok=1
Cmd: preprocessCompute
  insize=5703 outsize=5706 ok=1
Cmd: preprocessCompute
  insize=5703 outsize=5706 ok=1
Cmd: preprocessCompute
  insize=5701 outsize=5704 ok=1
Cmd: preprocessCompute
  insize=5705 outsize=5708 ok=1
Cmd: preprocessCompute
  insize=5707 outsize=5710 ok=1
Cmd: preprocessCompute
  insize=5705 outsize=5708 ok=1
Cmd: preprocessCompute
  insize=5705 outsize=5708 ok=1
Cmd: preprocessCompute
  insize=5726 outsize=5729 ok=1
Cmd: preprocessCompute
  insize=5724 outsize=5727 ok=1
Cmd: preprocessCompute
  insize=5726 outsize=5729 ok=1
Cmd: preprocessCompute
  insize=5793 outsize=5796 ok=1
Cmd: preprocessCompute
  insize=5794 outsize=5797 ok=1
Cmd: preprocessCompute
  insize=5794 outsize=5797 ok=1
Cmd: preprocessCompute
  insize=5776 outsize=5779 ok=1
Cmd: preprocessCompute
  insize=5794 outsize=5797 ok=1
Cmd: preprocessCompute
  insize=5818 outsize=5821 ok=1
Cmd: preprocessCompute
  insize=5818 outsize=5821 ok=1
Cmd: preprocessCompute
  insize=5818 outsize=5821 ok=1
Cmd: preprocessCompute
  insize=5800 outsize=5803 ok=1
Cmd: preprocessCompute
  insize=5840 outsize=5843 ok=1
Cmd: preprocessCompute
  insize=5861 outsize=5864 ok=1
Cmd: preprocessCompute
  insize=5879 outsize=5882 ok=1
Cmd: preprocessCompute
  insize=5861 outsize=5864 ok=1
Cmd: preprocessCompute
  insize=5879 outsize=5882 ok=1
Cmd: preprocessCompute
  insize=5879 outsize=5882 ok=1
Cmd: preprocessCompute
  insize=5875 outsize=5878 ok=1
Cmd: preprocessCompute
  insize=5857 outsize=5860 ok=1
Cmd: preprocessCompute
  insize=5900 outsize=5903 ok=1
Cmd: preprocessCompute
  insize=5933 outsize=5936 ok=1
Cmd: preprocessCompute
  insize=5937 outsize=5940 ok=1
Cmd: preprocessCompute
  insize=5935 outsize=5938 ok=1
Cmd: preprocessCompute
  insize=6014 outsize=6017 ok=1
Cmd: preprocessCompute
  insize=6014 outsize=6017 ok=1
Cmd: preprocessCompute
  insize=6013 outsize=6016 ok=1
Cmd: preprocessCompute
  insize=6013 outsize=6016 ok=1
Cmd: preprocessCompute
  insize=6141 outsize=6144 ok=1
Cmd: preprocessCompute
  insize=6165 outsize=6168 ok=1
Cmd: preprocessCompute
  insize=6165 outsize=6168 ok=1
Cmd: preprocessCompute
  insize=6165 outsize=6168 ok=1
Cmd: preprocessCompute
  insize=6143 outsize=6146 ok=1
Cmd: preprocessCompute
  insize=6013 outsize=6016 ok=1
Cmd: preprocessCompute
  insize=6393 outsize=6396 ok=1
Cmd: preprocessCompute
  insize=6385 outsize=6388 ok=1
Cmd: preprocessCompute
  insize=6386 outsize=6389 ok=1
Cmd: preprocessCompute
  insize=6448 outsize=6451 ok=1
Cmd: preprocessCompute
  insize=6450 outsize=6453 ok=1
Cmd: preprocessCompute
  insize=6450 outsize=6453 ok=1
Cmd: preprocessCompute
  insize=6450 outsize=6453 ok=1
Cmd: preprocessCompute
  insize=6450 outsize=6453 ok=1
Cmd: preprocessCompute
  insize=6450 outsize=6453 ok=1
Cmd: preprocessCompute
  insize=6450 outsize=6453 ok=1
Cmd: preprocessCompute
  insize=6452 outsize=6455 ok=1
Cmd: preprocessCompute
  insize=6494 outsize=6497 ok=1
Cmd: preprocessCompute
  insize=6494 outsize=6497 ok=1
Cmd: preprocessCompute
  insize=6490 outsize=6493 ok=1
Cmd: preprocessCompute
  insize=6490 outsize=6493 ok=1
Cmd: preprocessCompute
  insize=6494 outsize=6497 ok=1
Cmd: preprocessCompute
  insize=6494 outsize=6497 ok=1
Cmd: preprocessCompute
  insize=6493 outsize=6496 ok=1
Cmd: preprocessCompute
  insize=6558 outsize=6561 ok=1
Cmd: preprocessCompute
  insize=6562 outsize=6565 ok=1
Cmd: preprocessCompute
  insize=6566 outsize=6569 ok=1
Cmd: preprocessCompute
  insize=6556 outsize=6559 ok=1
Cmd: preprocessCompute
  insize=6558 outsize=6561 ok=1
